The number 1 test suite

test cases number: 1852
code lines:        3813
all ele: 1604
schema : 1651
Num 0 loop.  
0 only :  94
0 repe :  149
----------------
1 only :  93
1 repe :  150
----------------
2 only :  77
2 repe :  119
----------------
3 only :  80
3 repe :  118
----------------
4 only :  66
4 repe :  98
----------------
5 only :  77
5 repe :  117
----------------
6 only :  74
6 repe :  109
----------------
7 only :  64
7 repe :  95
----------------
8 only :  67
8 repe :  99
----------------
Num 1 loop.  
0 only :  111
0 repe :  190
----------------
1 only :  105
1 repe :  166
----------------
2 only :  74
2 repe :  114
----------------
3 only :  71
3 repe :  106
----------------
4 only :  69
4 repe :  103
----------------
5 only :  69
5 repe :  98
----------------
6 only :  56
6 repe :  83
----------------
Num 2 loop.  
0 only :  97
0 repe :  158
----------------
1 only :  66
1 repe :  95
----------------
2 only :  70
2 repe :  98
----------------
3 only :  56
3 repe :  83
----------------
4 only :  61
4 repe :  92
----------------
Num 3 loop.  
0 only :  73
0 repe :  107
----------------
1 only :  72
1 repe :  100
----------------
2 only :  67
2 repe :  93
----------------
3 only :  57
3 repe :  83
----------------
Num 4 loop.  
0 only :  73
0 repe :  107
----------------
1 only :  75
1 repe :  108
----------------
2 only :  73
2 repe :  106
----------------
3 only :  67
3 repe :  93
----------------
4 only :  57
4 repe :  83
----------------
Num 5 loop.  
0 only :  83
0 repe :  127
----------------
1 only :  73
1 repe :  107
----------------
2 only :  75
2 repe :  108
----------------
3 only :  73
3 repe :  106
----------------
4 only :  67
4 repe :  93
----------------
5 only :  71
5 repe :  104
----------------
6 only :  57
6 repe :  83
----------------
Num 6 loop.  
0 only :  70
0 repe :  103
----------------
1 only :  67
1 repe :  93
----------------
2 only :  67
2 repe :  92
----------------
3 only :  57
3 repe :  83
----------------
4 only :  72
4 repe :  100
----------------
Num 7 loop.  
0 only :  89
0 repe :  127
----------------
1 only :  67
1 repe :  92
----------------
2 only :  67
2 repe :  93
----------------
3 only :  57
3 repe :  83
----------------
4 only :  72
4 repe :  100
----------------
5 only :  69
5 repe :  88
----------------
Num 8 loop.  
0 only :  89
0 repe :  127
----------------
1 only :  64
1 repe :  93
----------------
2 only :  67
2 repe :  92
----------------
3 only :  64
3 repe :  88
----------------
4 only :  61
4 repe :  88
----------------
5 only :  62
5 repe :  84
----------------
6 only :  61
6 repe :  89
----------------
7 only :  65
7 repe :  82
----------------
8 only :  69
8 repe :  88
----------------
Num 9 loop.  
0 only :  89
0 repe :  127
----------------
1 only :  65
1 repe :  86
----------------
2 only :  62
2 repe :  89
----------------
3 only :  69
3 repe :  88
----------------
Num 10 loop.  
0 only :  80
0 repe :  115
----------------
1 only :  65
1 repe :  86
----------------
2 only :  61
2 repe :  88
----------------
3 only :  55
3 repe :  72
----------------
4 only :  69
4 repe :  88
----------------
Num 11 loop.  
0 only :  80
0 repe :  115
----------------
1 only :  72
1 repe :  107
----------------
2 only :  65
2 repe :  86
----------------
3 only :  65
3 repe :  92
----------------
4 only :  61
4 repe :  88
----------------
5 only :  61
5 repe :  82
----------------
6 only :  60
6 repe :  81
----------------
7 only :  55
7 repe :  72
----------------
8 only :  69
8 repe :  88
----------------
Num 12 loop.  
0 only :  83
0 repe :  119
----------------
1 only :  80
1 repe :  115
----------------
2 only :  68
2 repe :  92
----------------
3 only :  74
3 repe :  102
----------------
4 only :  67
4 repe :  92
----------------
5 only :  65
5 repe :  92
----------------
6 only :  60
6 repe :  72
----------------
7 only :  58
7 repe :  82
----------------
Num 13 loop.  
0 only :  83
0 repe :  119
----------------
1 only :  78
1 repe :  121
----------------
2 only :  68
2 repe :  92
----------------
3 only :  74
3 repe :  102
----------------
4 only :  67
4 repe :  92
----------------
5 only :  65
5 repe :  92
----------------
6 only :  60
6 repe :  72
----------------
7 only :  58
7 repe :  82
----------------
8 only :  55
8 repe :  75
----------------
Num 14 loop.  
0 only :  79
0 repe :  121
----------------
1 only :  73
1 repe :  108
----------------
2 only :  63
2 repe :  95
----------------
3 only :  63
3 repe :  88
----------------
4 only :  73
4 repe :  92
----------------
5 only :  60
5 repe :  72
----------------
6 only :  55
6 repe :  75
----------------
7 only :  65
7 repe :  83
----------------
Num 15 loop.  
0 only :  76
0 repe :  111
----------------
1 only :  79
1 repe :  121
----------------
2 only :  63
2 repe :  88
----------------
3 only :  62
3 repe :  88
----------------
4 only :  55
4 repe :  75
----------------
5 only :  65
5 repe :  83
----------------
6 only :  57
6 repe :  79
----------------
Num 16 loop.  
0 only :  64
0 repe :  90
----------------
1 only :  62
1 repe :  88
----------------
2 only :  55
2 repe :  75
----------------
3 only :  65
3 repe :  83
----------------
4 only :  57
4 repe :  79
----------------
Num 17 loop.  
0 only :  64
0 repe :  90
----------------
1 only :  62
1 repe :  88
----------------
2 only :  55
2 repe :  75
----------------
3 only :  65
3 repe :  83
----------------
4 only :  57
4 repe :  79
----------------
Num 18 loop.  
0 only :  64
0 repe :  90
----------------
1 only :  65
1 repe :  85
----------------
2 only :  58
2 repe :  70
----------------
Num 19 loop.  
0 only :  80
0 repe :  119
----------------
1 only :  73
1 repe :  110
----------------
2 only :  65
2 repe :  92
----------------
3 only :  64
3 repe :  83
----------------
4 only :  65
4 repe :  85
----------------
5 only :  63
5 repe :  79
----------------
6 only :  60
6 repe :  82
----------------
7 only :  58
7 repe :  70
----------------
8 only :  54
8 repe :  64
----------------
Num 20 loop.  
0 only :  81
0 repe :  123
----------------
1 only :  81
1 repe :  119
----------------
2 only :  65
2 repe :  92
----------------
3 only :  64
3 repe :  83
----------------
4 only :  72
4 repe :  102
----------------
5 only :  56
5 repe :  81
----------------
6 only :  58
6 repe :  70
----------------
7 only :  54
7 repe :  64
----------------
Num 21 loop.  
0 only :  81
0 repe :  123
----------------
1 only :  69
1 repe :  94
----------------
2 only :  81
2 repe :  119
----------------
3 only :  72
3 repe :  102
----------------
4 only :  62
4 repe :  91
----------------
5 only :  65
5 repe :  97
----------------
6 only :  56
6 repe :  81
----------------
7 only :  62
7 repe :  78
----------------
8 only :  62
8 repe :  79
----------------
9 only :  58
9 repe :  70
----------------
10 only :  54
10 repe :  64
----------------
Num 22 loop.  
0 only :  76
0 repe :  105
----------------
1 only :  71
1 repe :  94
----------------
2 only :  58
2 repe :  76
----------------
3 only :  59
3 repe :  78
----------------
4 only :  62
4 repe :  79
----------------
5 only :  54
5 repe :  64
----------------
Num 23 loop.  
0 only :  63
0 repe :  85
----------------
1 only :  59
1 repe :  78
----------------
2 only :  54
2 repe :  64
----------------
3 only :  62
3 repe :  79
----------------
4 only :  58
4 repe :  72
----------------
Num 24 loop.  
0 only :  68
0 repe :  95
----------------
1 only :  63
1 repe :  85
----------------
2 only :  59
2 repe :  77
----------------
3 only :  54
3 repe :  64
----------------
4 only :  58
4 repe :  73
----------------
Num 25 loop.  
0 only :  68
0 repe :  95
----------------
1 only :  65
1 repe :  91
----------------
2 only :  63
2 repe :  85
----------------
3 only :  54
3 repe :  80
----------------
4 only :  55
4 repe :  73
----------------
5 only :  59
5 repe :  77
----------------
6 only :  63
6 repe :  75
----------------
7 only :  54
7 repe :  64
----------------
8 only :  58
8 repe :  73
----------------
Num 26 loop.  
0 only :  66
0 repe :  88
----------------
1 only :  68
1 repe :  95
----------------
2 only :  61
2 repe :  84
----------------
3 only :  61
3 repe :  83
----------------
4 only :  63
4 repe :  85
----------------
5 only :  64
5 repe :  87
----------------
6 only :  51
6 repe :  65
----------------
7 only :  60
7 repe :  69
----------------
8 only :  55
8 repe :  68
----------------
9 only :  58
9 repe :  72
----------------
Num 27 loop.  
0 only :  60
0 repe :  85
----------------
1 only :  62
1 repe :  79
----------------
2 only :  55
2 repe :  73
----------------
3 only :  60
3 repe :  71
----------------
4 only :  55
4 repe :  68
----------------
5 only :  58
5 repe :  72
----------------
Num 28 loop.  
0 only :  71
0 repe :  106
----------------
1 only :  57
1 repe :  80
----------------
2 only :  62
2 repe :  79
----------------
3 only :  59
3 repe :  75
----------------
4 only :  61
4 repe :  75
----------------
5 only :  60
5 repe :  81
----------------
6 only :  55
6 repe :  73
----------------
7 only :  60
7 repe :  71
----------------
8 only :  55
8 repe :  68
----------------
9 only :  58
9 repe :  72
----------------
Num 29 loop.  
0 only :  71
0 repe :  106
----------------
1 only :  58
1 repe :  73
----------------
2 only :  53
2 repe :  70
----------------
3 only :  55
3 repe :  68
----------------
4 only :  58
4 repe :  72
----------------
Num 30 loop.  
0 only :  53
0 repe :  69
----------------
1 only :  58
1 repe :  73
----------------
2 only :  60
2 repe :  76
----------------
3 only :  56
3 repe :  66
----------------
Num 31 loop.  
0 only :  63
0 repe :  80
----------------
1 only :  58
1 repe :  73
----------------
2 only :  64
2 repe :  82
----------------
3 only :  60
3 repe :  76
----------------
4 only :  58
4 repe :  73
----------------
5 only :  56
5 repe :  66
----------------
Num 32 loop.  
0 only :  60
0 repe :  87
----------------
1 only :  63
1 repe :  80
----------------
2 only :  57
2 repe :  71
----------------
3 only :  64
3 repe :  82
----------------
4 only :  57
4 repe :  72
----------------
5 only :  56
5 repe :  70
----------------
6 only :  57
6 repe :  69
----------------
7 only :  50
7 repe :  63
----------------
Num 33 loop.  
0 only :  60
0 repe :  87
----------------
1 only :  63
1 repe :  80
----------------
2 only :  57
2 repe :  81
----------------
3 only :  57
3 repe :  71
----------------
4 only :  64
4 repe :  82
----------------
5 only :  57
5 repe :  72
----------------
6 only :  56
6 repe :  70
----------------
7 only :  57
7 repe :  69
----------------
8 only :  50
8 repe :  63
----------------
Num 34 loop.  
0 only :  61
0 repe :  78
----------------
1 only :  58
1 repe :  71
----------------
Num 35 loop.  
0 only :  65
0 repe :  91
----------------
1 only :  67
1 repe :  96
----------------
2 only :  63
2 repe :  80
----------------
3 only :  65
3 repe :  82
----------------
4 only :  56
4 repe :  72
----------------
5 only :  58
5 repe :  71
----------------
6 only :  58
6 repe :  69
----------------
7 only :  53
7 repe :  61
----------------
Num 36 loop.  
0 only :  61
0 repe :  77
----------------
1 only :  60
1 repe :  74
----------------
2 only :  54
2 repe :  69
----------------
3 only :  58
3 repe :  69
----------------
4 only :  57
4 repe :  64
----------------
Num 37 loop.  
0 only :  57
0 repe :  68
----------------
1 only :  54
1 repe :  69
----------------
2 only :  58
2 repe :  69
----------------
3 only :  57
3 repe :  64
----------------
Num 38 loop.  
0 only :  58
0 repe :  82
----------------
1 only :  57
1 repe :  68
----------------
2 only :  54
2 repe :  69
----------------
3 only :  58
3 repe :  69
----------------
4 only :  57
4 repe :  64
----------------
Num 39 loop.  
0 only :  52
0 repe :  69
----------------
1 only :  53
1 repe :  63
----------------
Num 40 loop.  
0 only :  64
0 repe :  82
----------------
1 only :  52
1 repe :  69
----------------
2 only :  55
2 repe :  64
----------------
3 only :  53
3 repe :  63
----------------
Num 41 loop.  
0 only :  64
0 repe :  82
----------------
1 only :  52
1 repe :  69
----------------
2 only :  55
2 repe :  64
----------------
3 only :  53
3 repe :  63
----------------
Num 42 loop.  
0 only :  60
0 repe :  75
----------------
1 only :  53
1 repe :  62
----------------
Num 43 loop.  
0 only :  63
0 repe :  84
----------------
1 only :  59
1 repe :  76
----------------
2 only :  50
2 repe :  58
----------------
3 only :  53
3 repe :  62
----------------
Num 44 loop.  
0 only :  60
0 repe :  83
----------------
1 only :  50
1 repe :  58
----------------
2 only :  54
2 repe :  64
----------------
3 only :  53
3 repe :  62
----------------
4 only :  56
4 repe :  65
----------------
5 only :  49
5 repe :  60
----------------
Num 45 loop.  
0 only :  60
0 repe :  83
----------------
1 only :  50
1 repe :  58
----------------
2 only :  54
2 repe :  64
----------------
3 only :  53
3 repe :  62
----------------
4 only :  56
4 repe :  65
----------------
5 only :  49
5 repe :  60
----------------
Num 46 loop.  
0 only :  61
0 repe :  86
----------------
1 only :  60
1 repe :  77
----------------
2 only :  56
2 repe :  79
----------------
3 only :  58
3 repe :  75
----------------
4 only :  53
4 repe :  62
----------------
5 only :  49
5 repe :  60
----------------
6 only :  54
6 repe :  68
----------------
7 only :  47
7 repe :  56
----------------
8 only :  49
8 repe :  60
----------------
Num 47 loop.  
0 only :  60
0 repe :  83
----------------
1 only :  51
1 repe :  67
----------------
2 only :  48
2 repe :  62
----------------
3 only :  51
3 repe :  59
----------------
4 only :  50
4 repe :  56
----------------
Num 48 loop.  
0 only :  58
0 repe :  73
----------------
1 only :  48
1 repe :  58
----------------
2 only :  48
2 repe :  56
----------------
Num 49 loop.  
0 only :  58
0 repe :  73
----------------
1 only :  48
1 repe :  58
----------------
2 only :  48
2 repe :  56
----------------
Num 50 loop.  
0 only :  58
0 repe :  73
----------------
1 only :  48
1 repe :  58
----------------
2 only :  48
2 repe :  56
----------------
Num 51 loop.  
0 only :  46
0 repe :  55
----------------
1 only :  48
1 repe :  56
----------------
2 only :  47
2 repe :  55
----------------
Num 52 loop.  
0 only :  46
0 repe :  55
----------------
1 only :  47
1 repe :  57
----------------
2 only :  46
2 repe :  57
----------------
3 only :  47
3 repe :  55
----------------
4 only :  52
4 repe :  60
----------------
5 only :  51
5 repe :  59
----------------
6 only :  54
6 repe :  61
----------------
Num 53 loop.  
0 only :  46
0 repe :  55
----------------
1 only :  47
1 repe :  57
----------------
2 only :  46
2 repe :  57
----------------
3 only :  47
3 repe :  55
----------------
4 only :  52
4 repe :  60
----------------
5 only :  51
5 repe :  59
----------------
6 only :  54
6 repe :  61
----------------
Num 54 loop.  
0 only :  46
0 repe :  55
----------------
1 only :  47
1 repe :  57
----------------
2 only :  47
2 repe :  54
----------------
3 only :  45
3 repe :  53
----------------
4 only :  47
4 repe :  55
----------------
5 only :  52
5 repe :  60
----------------
6 only :  51
6 repe :  59
----------------
7 only :  54
7 repe :  61
----------------
Num 55 loop.  
0 only :  47
0 repe :  57
----------------
1 only :  46
1 repe :  53
----------------
2 only :  44
2 repe :  52
----------------
3 only :  51
3 repe :  61
----------------
4 only :  45
4 repe :  51
----------------
Num 56 loop.  
0 only :  54
0 repe :  63
----------------
1 only :  42
1 repe :  47
----------------
Num 57 loop.  
0 only :  54
0 repe :  63
----------------
1 only :  42
1 repe :  47
----------------
Num 58 loop.  
0 only :  49
0 repe :  57
----------------
1 only :  42
1 repe :  47
----------------
2 only :  47
2 repe :  55
----------------
Num 59 loop.  
0 only :  53
0 repe :  66
----------------
1 only :  51
1 repe :  59
----------------
2 only :  47
2 repe :  51
----------------
3 only :  42
3 repe :  46
----------------
Num 60 loop.  
0 only :  53
0 repe :  66
----------------
1 only :  44
1 repe :  49
----------------
2 only :  45
2 repe :  50
----------------
3 only :  47
3 repe :  51
----------------
4 only :  41
4 repe :  45
----------------
Num 61 loop.  
0 only :  53
0 repe :  66
----------------
1 only :  44
1 repe :  49
----------------
2 only :  45
2 repe :  50
----------------
3 only :  47
3 repe :  51
----------------
4 only :  41
4 repe :  45
----------------
Num 62 loop.  
0 only :  53
0 repe :  66
----------------
1 only :  44
1 repe :  49
----------------
2 only :  45
2 repe :  50
----------------
3 only :  47
3 repe :  51
----------------
4 only :  46
4 repe :  54
----------------
5 only :  41
5 repe :  45
----------------
Num 63 loop.  
0 only :  47
0 repe :  51
----------------
1 only :  43
1 repe :  44
----------------
2 only :  40
2 repe :  43
----------------
Num 64 loop.  
0 only :  53
0 repe :  65
----------------
1 only :  47
1 repe :  51
----------------
2 only :  41
2 repe :  46
----------------
3 only :  43
3 repe :  44
----------------
4 only :  44
4 repe :  47
----------------
5 only :  38
5 repe :  41
----------------
Num 65 loop.  
0 only :  53
0 repe :  65
----------------
1 only :  47
1 repe :  51
----------------
2 only :  41
2 repe :  46
----------------
3 only :  43
3 repe :  44
----------------
4 only :  44
4 repe :  47
----------------
5 only :  38
5 repe :  41
----------------
Num 66 loop.  
0 only :  53
0 repe :  65
----------------
1 only :  47
1 repe :  51
----------------
2 only :  44
2 repe :  47
----------------
3 only :  44
3 repe :  47
----------------
4 only :  38
4 repe :  41
----------------
Num 67 loop.  
0 only :  44
0 repe :  52
----------------
1 only :  43
1 repe :  46
----------------
2 only :  42
2 repe :  48
----------------
3 only :  43
3 repe :  44
----------------
4 only :  40
4 repe :  46
----------------
5 only :  41
5 repe :  45
----------------
Num 68 loop.  
0 only :  50
0 repe :  56
----------------
1 only :  45
1 repe :  48
----------------
2 only :  44
2 repe :  51
----------------
3 only :  42
3 repe :  49
----------------
4 only :  40
4 repe :  46
----------------
5 only :  38
5 repe :  41
----------------
6 only :  41
6 repe :  45
----------------
Num 69 loop.  
0 only :  50
0 repe :  56
----------------
1 only :  45
1 repe :  48
----------------
2 only :  44
2 repe :  51
----------------
3 only :  42
3 repe :  49
----------------
4 only :  40
4 repe :  46
----------------
5 only :  38
5 repe :  41
----------------
6 only :  41
6 repe :  45
----------------
Num 70 loop.  
0 only :  49
0 repe :  56
----------------
1 only :  45
1 repe :  48
----------------
2 only :  42
2 repe :  49
----------------
3 only :  41
3 repe :  45
----------------
4 only :  40
4 repe :  46
----------------
5 only :  38
5 repe :  41
----------------
6 only :  41
6 repe :  45
----------------
Num 71 loop.  
0 only :  45
0 repe :  51
----------------
1 only :  40
1 repe :  48
----------------
2 only :  42
2 repe :  47
----------------
3 only :  42
3 repe :  43
----------------
4 only :  35
4 repe :  38
----------------
Num 72 loop.  
0 only :  46
0 repe :  53
----------------
1 only :  43
1 repe :  48
----------------
2 only :  39
2 repe :  45
----------------
3 only :  37
3 repe :  41
----------------
4 only :  39
4 repe :  43
----------------
Num 73 loop.  
0 only :  46
0 repe :  53
----------------
1 only :  43
1 repe :  48
----------------
2 only :  39
2 repe :  45
----------------
3 only :  37
3 repe :  41
----------------
4 only :  39
4 repe :  43
----------------
Num 74 loop.  
0 only :  45
0 repe :  54
----------------
1 only :  46
1 repe :  53
----------------
2 only :  43
2 repe :  48
----------------
3 only :  38
3 repe :  43
----------------
4 only :  37
4 repe :  41
----------------
5 only :  39
5 repe :  43
----------------
Num 75 loop.  
0 only :  43
0 repe :  48
----------------
1 only :  44
1 repe :  50
----------------
2 only :  43
2 repe :  48
----------------
3 only :  42
3 repe :  46
----------------
4 only :  43
4 repe :  48
----------------
5 only :  44
5 repe :  47
----------------
6 only :  39
6 repe :  44
----------------
Num 76 loop.  
0 only :  51
0 repe :  61
----------------
1 only :  43
1 repe :  48
----------------
2 only :  40
2 repe :  44
----------------
3 only :  42
3 repe :  46
----------------
4 only :  38
4 repe :  40
----------------
5 only :  40
5 repe :  42
----------------
6 only :  39
6 repe :  43
----------------
Num 77 loop.  
0 only :  51
0 repe :  61
----------------
1 only :  43
1 repe :  48
----------------
2 only :  40
2 repe :  44
----------------
3 only :  42
3 repe :  46
----------------
4 only :  38
4 repe :  40
----------------
5 only :  40
5 repe :  42
----------------
6 only :  39
6 repe :  43
----------------
Num 78 loop.  
0 only :  45
0 repe :  54
----------------
1 only :  45
1 repe :  53
----------------
2 only :  40
2 repe :  44
----------------
3 only :  42
3 repe :  46
----------------
4 only :  38
4 repe :  40
----------------
5 only :  40
5 repe :  42
----------------
6 only :  39
6 repe :  43
----------------
Num 79 loop.  
0 only :  47
0 repe :  58
----------------
1 only :  45
1 repe :  51
----------------
2 only :  42
2 repe :  50
----------------
3 only :  42
3 repe :  48
----------------
4 only :  42
4 repe :  46
----------------
5 only :  40
5 repe :  42
----------------
6 only :  39
6 repe :  43
----------------
7 only :  39
7 repe :  44
----------------
Num 80 loop.  
0 only :  42
0 repe :  46
----------------
1 only :  43
1 repe :  47
----------------
2 only :  40
2 repe :  42
----------------
3 only :  41
3 repe :  45
----------------
4 only :  39
4 repe :  43
----------------
5 only :  39
5 repe :  44
----------------
6 only :  39
6 repe :  41
----------------
Num 81 loop.  
0 only :  42
0 repe :  46
----------------
1 only :  43
1 repe :  47
----------------
2 only :  40
2 repe :  42
----------------
3 only :  41
3 repe :  45
----------------
4 only :  39
4 repe :  43
----------------
5 only :  39
5 repe :  44
----------------
6 only :  39
6 repe :  41
----------------
Num 82 loop.  
0 only :  42
0 repe :  46
----------------
1 only :  41
1 repe :  42
----------------
2 only :  43
2 repe :  47
----------------
3 only :  40
3 repe :  42
----------------
4 only :  41
4 repe :  45
----------------
5 only :  39
5 repe :  43
----------------
6 only :  40
6 repe :  41
----------------
7 only :  39
7 repe :  44
----------------
8 only :  39
8 repe :  41
----------------
Num 83 loop.  
0 only :  44
0 repe :  51
----------------
1 only :  42
1 repe :  46
----------------
2 only :  42
2 repe :  46
----------------
3 only :  41
3 repe :  44
----------------
4 only :  43
4 repe :  46
----------------
5 only :  41
5 repe :  44
----------------
6 only :  40
6 repe :  42
----------------
7 only :  40
7 repe :  41
----------------
8 only :  39
8 repe :  44
----------------
9 only :  39
9 repe :  43
----------------
10 only :  39
10 repe :  44
----------------
Num 84 loop.  
0 only :  48
0 repe :  58
----------------
1 only :  42
1 repe :  48
----------------
2 only :  43
2 repe :  53
----------------
3 only :  46
3 repe :  51
----------------
4 only :  44
4 repe :  51
----------------
5 only :  42
5 repe :  46
----------------
6 only :  41
6 repe :  44
----------------
7 only :  41
7 repe :  42
----------------
8 only :  43
8 repe :  47
----------------
9 only :  38
9 repe :  39
----------------
Num 85 loop.  
0 only :  48
0 repe :  58
----------------
1 only :  42
1 repe :  48
----------------
2 only :  43
2 repe :  53
----------------
3 only :  46
3 repe :  51
----------------
4 only :  44
4 repe :  51
----------------
5 only :  42
5 repe :  46
----------------
6 only :  41
6 repe :  44
----------------
7 only :  41
7 repe :  42
----------------
8 only :  43
8 repe :  47
----------------
9 only :  38
9 repe :  39
----------------
Num 86 loop.  
0 only :  45
0 repe :  52
----------------
1 only :  41
1 repe :  44
----------------
2 only :  41
2 repe :  42
----------------
3 only :  44
3 repe :  50
----------------
4 only :  43
4 repe :  47
----------------
5 only :  38
5 repe :  38
----------------
6 only :  38
6 repe :  39
----------------
Num 87 loop.  
0 only :  42
0 repe :  48
----------------
1 only :  43
1 repe :  47
----------------
2 only :  40
2 repe :  41
----------------
3 only :  40
3 repe :  41
----------------
4 only :  37
4 repe :  39
----------------
5 only :  38
5 repe :  41
----------------
Num 88 loop.  
0 only :  44
0 repe :  49
----------------
1 only :  42
1 repe :  48
----------------
2 only :  42
2 repe :  50
----------------
3 only :  42
3 repe :  45
----------------
4 only :  38
4 repe :  41
----------------
5 only :  38
5 repe :  41
----------------
Num 89 loop.  
0 only :  44
0 repe :  49
----------------
1 only :  42
1 repe :  48
----------------
2 only :  42
2 repe :  50
----------------
3 only :  42
3 repe :  45
----------------
4 only :  38
4 repe :  41
----------------
5 only :  38
5 repe :  41
----------------
Num 90 loop.  
0 only :  44
0 repe :  49
----------------
1 only :  42
1 repe :  44
----------------
2 only :  38
2 repe :  41
----------------
3 only :  38
3 repe :  41
----------------
4 only :  38
4 repe :  41
----------------
Num 91 loop.  
0 only :  43
0 repe :  46
----------------
1 only :  41
1 repe :  43
----------------
2 only :  38
2 repe :  41
----------------
3 only :  38
3 repe :  40
----------------
Num 92 loop.  
0 only :  54
0 repe :  73
----------------
1 only :  40
1 repe :  43
----------------
2 only :  41
2 repe :  43
----------------
3 only :  38
3 repe :  40
----------------
Num 93 loop.  
0 only :  54
0 repe :  73
----------------
1 only :  40
1 repe :  43
----------------
2 only :  41
2 repe :  43
----------------
3 only :  38
3 repe :  40
----------------
4 only :  37
4 repe :  37
----------------
Num 94 loop.  
0 only :  54
0 repe :  73
----------------
1 only :  40
1 repe :  43
----------------
2 only :  41
2 repe :  43
----------------
3 only :  42
3 repe :  45
----------------
4 only :  38
4 repe :  40
----------------
5 only :  37
5 repe :  37
----------------
6 only :  37
6 repe :  37
----------------
Num 95 loop.  
0 only :  42
0 repe :  47
----------------
1 only :  40
1 repe :  43
----------------
2 only :  40
2 repe :  42
----------------
3 only :  42
3 repe :  43
----------------
4 only :  37
4 repe :  40
----------------
5 only :  40
5 repe :  42
----------------
6 only :  39
6 repe :  40
----------------
7 only :  38
7 repe :  40
----------------
8 only :  36
8 repe :  36
----------------
Num 96 loop.  
0 only :  42
0 repe :  47
----------------
1 only :  42
1 repe :  45
----------------
2 only :  40
2 repe :  42
----------------
3 only :  37
3 repe :  38
----------------
4 only :  40
4 repe :  40
----------------
5 only :  38
5 repe :  38
----------------
Num 97 loop.  
0 only :  42
0 repe :  47
----------------
1 only :  42
1 repe :  45
----------------
2 only :  40
2 repe :  42
----------------
3 only :  37
3 repe :  38
----------------
4 only :  40
4 repe :  40
----------------
5 only :  38
5 repe :  38
----------------
Num 98 loop.  
0 only :  39
0 repe :  41
----------------
1 only :  40
1 repe :  42
----------------
2 only :  40
2 repe :  40
----------------
3 only :  38
3 repe :  38
----------------
4 only :  40
4 repe :  40
----------------
Num 99 loop.  
0 only :  39
0 repe :  41
----------------
1 only :  39
1 repe :  40
----------------
2 only :  38
2 repe :  40
----------------
3 only :  40
3 repe :  40
----------------
4 only :  40
4 repe :  40
----------------
5 only :  39
5 repe :  40
----------------
6 only :  38
6 repe :  39
----------------
7 only :  39
7 repe :  39
----------------
Num 100 loop.  
0 only :  39
0 repe :  41
----------------
1 only :  39
1 repe :  39
----------------
2 only :  39
2 repe :  40
----------------
3 only :  39
3 repe :  41
----------------
4 only :  38
4 repe :  39
----------------
5 only :  39
5 repe :  39
----------------
6 only :  38
6 repe :  39
----------------
Num 101 loop.  
0 only :  39
0 repe :  41
----------------
1 only :  39
1 repe :  39
----------------
2 only :  39
2 repe :  40
----------------
3 only :  39
3 repe :  41
----------------
4 only :  38
4 repe :  39
----------------
5 only :  39
5 repe :  39
----------------
6 only :  38
6 repe :  39
----------------
Num 102 loop.  
0 only :  39
0 repe :  41
----------------
1 only :  39
1 repe :  39
----------------
2 only :  39
2 repe :  40
----------------
3 only :  39
3 repe :  41
----------------
4 only :  39
4 repe :  39
----------------
Num 103 loop.  
0 only :  41
0 repe :  43
----------------
1 only :  39
1 repe :  40
----------------
2 only :  39
2 repe :  40
----------------
3 only :  39
3 repe :  39
----------------
4 only :  39
4 repe :  40
----------------
Num 104 loop.  
0 only :  40
0 repe :  43
----------------
1 only :  41
1 repe :  45
----------------
2 only :  40
2 repe :  43
----------------
3 only :  39
3 repe :  41
----------------
4 only :  39
4 repe :  41
----------------
5 only :  41
5 repe :  43
----------------
6 only :  39
6 repe :  40
----------------
7 only :  38
7 repe :  39
----------------
8 only :  39
8 repe :  40
----------------
9 only :  38
9 repe :  38
----------------
Num 105 loop.  
0 only :  40
0 repe :  43
----------------
1 only :  41
1 repe :  45
----------------
2 only :  40
2 repe :  43
----------------
3 only :  39
3 repe :  41
----------------
4 only :  39
4 repe :  41
----------------
5 only :  41
5 repe :  43
----------------
6 only :  39
6 repe :  40
----------------
7 only :  38
7 repe :  39
----------------
8 only :  39
8 repe :  40
----------------
9 only :  38
9 repe :  38
----------------
Num 106 loop.  
0 only :  40
0 repe :  43
----------------
1 only :  41
1 repe :  45
----------------
2 only :  40
2 repe :  43
----------------
3 only :  39
3 repe :  41
----------------
4 only :  39
4 repe :  41
----------------
5 only :  41
5 repe :  43
----------------
6 only :  39
6 repe :  40
----------------
7 only :  38
7 repe :  39
----------------
8 only :  39
8 repe :  40
----------------
9 only :  38
9 repe :  38
----------------
Num 107 loop.  
0 only :  39
0 repe :  39
----------------
1 only :  38
1 repe :  39
----------------
2 only :  39
2 repe :  40
----------------
3 only :  38
3 repe :  38
----------------
Num 108 loop.  
0 only :  38
0 repe :  38
----------------
1 only :  39
1 repe :  39
----------------
2 only :  38
2 repe :  39
----------------
3 only :  38
3 repe :  39
----------------
Num 109 loop.  
0 only :  38
0 repe :  38
----------------
1 only :  39
1 repe :  39
----------------
2 only :  38
2 repe :  39
----------------
3 only :  38
3 repe :  39
----------------
Num 110 loop.  
0 only :  38
0 repe :  38
----------------
1 only :  39
1 repe :  39
----------------
2 only :  38
2 repe :  39
----------------
3 only :  38
3 repe :  39
----------------
Num 111 loop.  
0 only :  37
0 repe :  37
----------------
1 only :  39
1 repe :  39
----------------
Num 112 loop.  
0 only :  37
0 repe :  37
----------------
1 only :  39
1 repe :  39
----------------
2 only :  37
2 repe :  38
----------------
3 only :  37
3 repe :  37
----------------
Num 113 loop.  
0 only :  37
0 repe :  37
----------------
1 only :  39
1 repe :  39
----------------
2 only :  37
2 repe :  38
----------------
3 only :  37
3 repe :  37
----------------
Num 114 loop.  
0 only :  37
0 repe :  37
----------------
1 only :  39
1 repe :  39
----------------
2 only :  37
2 repe :  38
----------------
3 only :  37
3 repe :  37
----------------
Num 115 loop.  
0 only :  39
0 repe :  45
----------------
1 only :  38
1 repe :  40
----------------
2 only :  37
2 repe :  37
----------------
3 only :  37
3 repe :  37
----------------
Num 116 loop.  
0 only :  38
0 repe :  38
----------------
1 only :  37
1 repe :  37
----------------
2 only :  37
2 repe :  37
----------------
3 only :  37
3 repe :  38
----------------
4 only :  37
4 repe :  37
----------------
Num 117 loop.  
0 only :  38
0 repe :  38
----------------
1 only :  37
1 repe :  37
----------------
2 only :  37
2 repe :  37
----------------
3 only :  37
3 repe :  38
----------------
4 only :  37
4 repe :  37
----------------
Num 118 loop.  
0 only :  39
0 repe :  42
----------------
1 only :  39
1 repe :  40
----------------
2 only :  38
2 repe :  38
----------------
3 only :  37
3 repe :  37
----------------
4 only :  37
4 repe :  37
----------------
5 only :  37
5 repe :  38
----------------
6 only :  37
6 repe :  37
----------------
Num 119 loop.  
0 only :  38
0 repe :  41
----------------
1 only :  38
1 repe :  40
----------------
2 only :  37
2 repe :  39
----------------
3 only :  37
3 repe :  37
----------------
4 only :  35
4 repe :  35
----------------
Num 120 loop.  
0 only :  38
0 repe :  41
----------------
1 only :  38
1 repe :  38
----------------
2 only :  37
2 repe :  38
----------------
3 only :  37
3 repe :  37
----------------
4 only :  37
4 repe :  37
----------------
5 only :  35
5 repe :  35
----------------
6 only :  36
6 repe :  36
----------------
Num 121 loop.  
0 only :  38
0 repe :  41
----------------
1 only :  38
1 repe :  38
----------------
2 only :  37
2 repe :  38
----------------
3 only :  37
3 repe :  37
----------------
4 only :  37
4 repe :  37
----------------
5 only :  35
5 repe :  35
----------------
6 only :  36
6 repe :  36
----------------
Num 122 loop.  
0 only :  38
0 repe :  41
----------------
1 only :  38
1 repe :  38
----------------
2 only :  36
2 repe :  39
----------------
3 only :  37
3 repe :  38
----------------
4 only :  37
4 repe :  37
----------------
5 only :  37
5 repe :  37
----------------
6 only :  35
6 repe :  35
----------------
7 only :  36
7 repe :  36
----------------
Num 123 loop.  
0 only :  36
0 repe :  38
----------------
1 only :  38
1 repe :  40
----------------
2 only :  39
2 repe :  39
----------------
3 only :  36
3 repe :  38
----------------
4 only :  36
4 repe :  36
----------------
5 only :  36
5 repe :  36
----------------
6 only :  37
6 repe :  39
----------------
7 only :  36
7 repe :  36
----------------
8 only :  35
8 repe :  35
----------------
Num 124 loop.  
0 only :  36
0 repe :  36
----------------
1 only :  36
1 repe :  37
----------------
2 only :  35
2 repe :  35
----------------
Num 125 loop.  
0 only :  36
0 repe :  36
----------------
1 only :  36
1 repe :  37
----------------
2 only :  35
2 repe :  35
----------------
Num 126 loop.  
0 only :  36
0 repe :  36
----------------
1 only :  36
1 repe :  37
----------------
2 only :  35
2 repe :  35
----------------
Num 127 loop.  
0 only :  36
0 repe :  36
----------------
1 only :  36
1 repe :  36
----------------
2 only :  36
2 repe :  37
----------------
3 only :  36
3 repe :  36
----------------
4 only :  35
4 repe :  35
----------------
5 only :  35
5 repe :  35
----------------
Num 128 loop.  
0 only :  37
0 repe :  39
----------------
1 only :  36
1 repe :  36
----------------
2 only :  35
2 repe :  36
----------------
3 only :  36
3 repe :  36
----------------
4 only :  36
4 repe :  36
----------------
5 only :  35
5 repe :  35
----------------
Num 129 loop.  
0 only :  37
0 repe :  39
----------------
1 only :  36
1 repe :  36
----------------
2 only :  35
2 repe :  36
----------------
3 only :  36
3 repe :  36
----------------
4 only :  36
4 repe :  36
----------------
5 only :  35
5 repe :  35
----------------
Num 130 loop.  
0 only :  37
0 repe :  39
----------------
1 only :  36
1 repe :  36
----------------
2 only :  35
2 repe :  36
----------------
3 only :  36
3 repe :  36
----------------
4 only :  36
4 repe :  36
----------------
5 only :  35
5 repe :  36
----------------
6 only :  35
6 repe :  35
----------------
Num 131 loop.  
0 only :  36
0 repe :  38
----------------
1 only :  36
1 repe :  36
----------------
2 only :  36
2 repe :  37
----------------
3 only :  36
3 repe :  36
----------------
4 only :  35
4 repe :  36
----------------
5 only :  36
5 repe :  36
----------------
6 only :  36
6 repe :  37
----------------
7 only :  35
7 repe :  35
----------------
Num 132 loop.  
0 only :  37
0 repe :  40
----------------
1 only :  36
1 repe :  36
----------------
2 only :  36
2 repe :  37
----------------
3 only :  36
3 repe :  36
----------------
4 only :  36
4 repe :  36
----------------
5 only :  36
5 repe :  36
----------------
6 only :  35
6 repe :  35
----------------
Num 133 loop.  
0 only :  37
0 repe :  40
----------------
1 only :  36
1 repe :  36
----------------
2 only :  36
2 repe :  37
----------------
3 only :  37
3 repe :  40
----------------
4 only :  36
4 repe :  36
----------------
5 only :  36
5 repe :  36
----------------
6 only :  36
6 repe :  36
----------------
7 only :  35
7 repe :  35
----------------
Num 134 loop.  
0 only :  36
0 repe :  38
----------------
1 only :  36
1 repe :  36
----------------
2 only :  36
2 repe :  37
----------------
3 only :  37
3 repe :  40
----------------
4 only :  36
4 repe :  36
----------------
5 only :  36
5 repe :  36
----------------
6 only :  36
6 repe :  36
----------------
7 only :  35
7 repe :  35
----------------
Num 135 loop.  
0 only :  36
0 repe :  37
----------------
1 only :  36
1 repe :  37
----------------
2 only :  35
2 repe :  37
----------------
3 only :  36
3 repe :  38
----------------
4 only :  35
4 repe :  36
----------------
5 only :  35
5 repe :  35
----------------
6 only :  35
6 repe :  35
----------------
7 only :  35
7 repe :  35
----------------
Num 136 loop.  
0 only :  36
0 repe :  38
----------------
1 only :  36
1 repe :  37
----------------
2 only :  36
2 repe :  37
----------------
3 only :  35
3 repe :  37
----------------
4 only :  36
4 repe :  38
----------------
5 only :  35
5 repe :  36
----------------
6 only :  35
6 repe :  35
----------------
7 only :  35
7 repe :  35
----------------
8 only :  35
8 repe :  35
----------------
9 only :  35
9 repe :  35
----------------
Num 137 loop.  
0 only :  36
0 repe :  38
----------------
1 only :  36
1 repe :  37
----------------
2 only :  36
2 repe :  37
----------------
3 only :  35
3 repe :  37
----------------
4 only :  36
4 repe :  38
----------------
5 only :  35
5 repe :  36
----------------
6 only :  35
6 repe :  35
----------------
7 only :  35
7 repe :  35
----------------
8 only :  35
8 repe :  35
----------------
9 only :  35
9 repe :  35
----------------
Num 138 loop.  
0 only :  36
0 repe :  38
----------------
1 only :  36
1 repe :  37
----------------
2 only :  36
2 repe :  37
----------------
3 only :  35
3 repe :  37
----------------
4 only :  36
4 repe :  38
----------------
5 only :  35
5 repe :  36
----------------
6 only :  35
6 repe :  35
----------------
7 only :  35
7 repe :  35
----------------
8 only :  35
8 repe :  35
----------------
9 only :  35
9 repe :  35
----------------
Num 139 loop.  
0 only :  36
0 repe :  38
----------------
1 only :  36
1 repe :  37
----------------
2 only :  35
2 repe :  36
----------------
3 only :  35
3 repe :  35
----------------
4 only :  35
4 repe :  35
----------------
5 only :  35
5 repe :  35
----------------
6 only :  35
6 repe :  35
----------------
Num 140 loop.  
0 only :  36
0 repe :  37
----------------
1 only :  36
1 repe :  37
----------------
2 only :  36
2 repe :  37
----------------
3 only :  35
3 repe :  36
----------------
4 only :  35
4 repe :  35
----------------
5 only :  35
5 repe :  35
----------------
6 only :  35
6 repe :  35
----------------
7 only :  35
7 repe :  35
----------------
8 only :  35
8 repe :  35
----------------
9 only :  35
9 repe :  35
----------------
Num 141 loop.  
0 only :  36
0 repe :  37
----------------
1 only :  36
1 repe :  37
----------------
2 only :  36
2 repe :  37
----------------
3 only :  35
3 repe :  36
----------------
4 only :  35
4 repe :  35
----------------
5 only :  35
5 repe :  35
----------------
6 only :  35
6 repe :  35
----------------
7 only :  35
7 repe :  35
----------------
8 only :  35
8 repe :  35
----------------
9 only :  35
9 repe :  35
----------------
Num 142 loop.  
0 only :  36
0 repe :  37
----------------
1 only :  36
1 repe :  37
----------------
2 only :  36
2 repe :  37
----------------
3 only :  35
3 repe :  36
----------------
4 only :  35
4 repe :  35
----------------
5 only :  35
5 repe :  35
----------------
6 only :  35
6 repe :  35
----------------
7 only :  35
7 repe :  35
----------------
8 only :  35
8 repe :  35
----------------
9 only :  35
9 repe :  35
----------------
Num 143 loop.  
0 only :  36
0 repe :  39
----------------
1 only :  36
1 repe :  37
----------------
2 only :  36
2 repe :  36
----------------
3 only :  35
3 repe :  37
----------------
4 only :  35
4 repe :  36
----------------
5 only :  35
5 repe :  36
----------------
6 only :  35
6 repe :  35
----------------
7 only :  35
7 repe :  35
----------------
8 only :  35
8 repe :  35
----------------
9 only :  35
9 repe :  35
----------------
10 only :  35
10 repe :  35
----------------
11 only :  35
11 repe :  35
----------------
12 only :  35
12 repe :  35
----------------
13 only :  35
13 repe :  35
----------------
Num 144 loop.  
0 only :  36
0 repe :  38
----------------
1 only :  36
1 repe :  37
----------------
2 only :  35
2 repe :  36
----------------
3 only :  35
3 repe :  36
----------------
4 only :  35
4 repe :  36
----------------
5 only :  35
5 repe :  35
----------------
6 only :  35
6 repe :  35
----------------
7 only :  35
7 repe :  35
----------------
8 only :  35
8 repe :  35
----------------
9 only :  35
9 repe :  35
----------------
10 only :  35
10 repe :  35
----------------
11 only :  35
11 repe :  35
----------------
Num 145 loop.  
0 only :  36
0 repe :  38
----------------
1 only :  36
1 repe :  37
----------------
2 only :  35
2 repe :  36
----------------
3 only :  35
3 repe :  36
----------------
4 only :  35
4 repe :  36
----------------
5 only :  35
5 repe :  35
----------------
6 only :  35
6 repe :  35
----------------
7 only :  35
7 repe :  35
----------------
8 only :  35
8 repe :  35
----------------
9 only :  35
9 repe :  35
----------------
10 only :  35
10 repe :  35
----------------
11 only :  35
11 repe :  35
----------------
12 only :  35
12 repe :  35
----------------
13 only :  35
13 repe :  35
----------------
Num 146 loop.  
0 only :  37
0 repe :  38
----------------
1 only :  36
1 repe :  38
----------------
2 only :  36
2 repe :  37
----------------
3 only :  35
3 repe :  36
----------------
4 only :  35
4 repe :  36
----------------
5 only :  36
5 repe :  36
----------------
6 only :  35
6 repe :  35
----------------
7 only :  35
7 repe :  35
----------------
8 only :  35
8 repe :  35
----------------
9 only :  35
9 repe :  35
----------------
10 only :  35
10 repe :  35
----------------
11 only :  35
11 repe :  35
----------------
12 only :  35
12 repe :  35
----------------
13 only :  35
13 repe :  35
----------------
Num 147 loop.  
0 only :  37
0 repe :  38
----------------
1 only :  36
1 repe :  37
----------------
2 only :  35
2 repe :  36
----------------
3 only :  35
3 repe :  36
----------------
4 only :  36
4 repe :  36
----------------
5 only :  35
5 repe :  35
----------------
6 only :  35
6 repe :  35
----------------
7 only :  35
7 repe :  35
----------------
8 only :  35
8 repe :  35
----------------
9 only :  35
9 repe :  35
----------------
Num 148 loop.  
0 only :  36
0 repe :  38
----------------
1 only :  36
1 repe :  37
----------------
2 only :  35
2 repe :  36
----------------
3 only :  35
3 repe :  36
----------------
4 only :  36
4 repe :  36
----------------
5 only :  35
5 repe :  35
----------------
6 only :  35
6 repe :  35
----------------
7 only :  35
7 repe :  35
----------------
8 only :  35
8 repe :  35
----------------
9 only :  35
9 repe :  35
----------------
Num 149 loop.  
0 only :  36
0 repe :  38
----------------
1 only :  36
1 repe :  37
----------------
2 only :  36
2 repe :  37
----------------
3 only :  35
3 repe :  36
----------------
4 only :  35
4 repe :  36
----------------
5 only :  36
5 repe :  36
----------------
6 only :  35
6 repe :  35
----------------
7 only :  35
7 repe :  35
----------------
8 only :  35
8 repe :  35
----------------
9 only :  35
9 repe :  35
----------------
10 only :  35
10 repe :  35
----------------
Num 150 loop.  
0 only :  36
0 repe :  38
----------------
1 only :  36
1 repe :  37
----------------
2 only :  36
2 repe :  37
----------------
3 only :  35
3 repe :  36
----------------
4 only :  35
4 repe :  36
----------------
5 only :  36
5 repe :  36
----------------
6 only :  35
6 repe :  35
----------------
7 only :  35
7 repe :  35
----------------
8 only :  35
8 repe :  35
----------------
9 only :  35
9 repe :  35
----------------
10 only :  35
10 repe :  35
----------------
Num 151 loop.  
0 only :  36
0 repe :  38
----------------
1 only :  35
1 repe :  35
----------------
2 only :  35
2 repe :  35
----------------
3 only :  35
3 repe :  36
----------------
4 only :  35
4 repe :  35
----------------
5 only :  35
5 repe :  35
----------------
6 only :  35
6 repe :  35
----------------
Num 152 loop.  
0 only :  36
0 repe :  37
----------------
1 only :  36
1 repe :  37
----------------
2 only :  35
2 repe :  35
----------------
3 only :  35
3 repe :  36
----------------
4 only :  35
4 repe :  35
----------------
5 only :  35
5 repe :  35
----------------
6 only :  35
6 repe :  35
----------------
7 only :  35
7 repe :  35
----------------
Num 153 loop.  
0 only :  36
0 repe :  37
----------------
1 only :  36
1 repe :  37
----------------
2 only :  35
2 repe :  35
----------------
3 only :  35
3 repe :  36
----------------
4 only :  35
4 repe :  35
----------------
5 only :  35
5 repe :  35
----------------
6 only :  35
6 repe :  35
----------------
7 only :  35
7 repe :  35
----------------
Num 154 loop.  
0 only :  36
0 repe :  37
----------------
1 only :  36
1 repe :  37
----------------
2 only :  36
2 repe :  37
----------------
3 only :  35
3 repe :  35
----------------
4 only :  35
4 repe :  36
----------------
5 only :  35
5 repe :  35
----------------
6 only :  35
6 repe :  35
----------------
7 only :  35
7 repe :  35
----------------
8 only :  35
8 repe :  35
----------------
Num 155 loop.  
0 only :  36
0 repe :  37
----------------
1 only :  36
1 repe :  37
----------------
2 only :  36
2 repe :  38
----------------
3 only :  35
3 repe :  35
----------------
4 only :  35
4 repe :  35
----------------
5 only :  35
5 repe :  35
----------------
6 only :  35
6 repe :  35
----------------
Num 156 loop.  
0 only :  36
0 repe :  37
----------------
1 only :  36
1 repe :  37
----------------
2 only :  36
2 repe :  38
----------------
3 only :  36
3 repe :  37
----------------
4 only :  35
4 repe :  35
----------------
5 only :  35
5 repe :  35
----------------
6 only :  35
6 repe :  35
----------------
7 only :  35
7 repe :  35
----------------
8 only :  35
8 repe :  35
----------------
9 only :  35
9 repe :  35
----------------
10 only :  35
10 repe :  35
----------------
Num 157 loop.  
0 only :  36
0 repe :  37
----------------
1 only :  36
1 repe :  37
----------------
2 only :  36
2 repe :  38
----------------
3 only :  36
3 repe :  37
----------------
4 only :  35
4 repe :  35
----------------
5 only :  35
5 repe :  35
----------------
6 only :  35
6 repe :  35
----------------
7 only :  35
7 repe :  35
----------------
8 only :  35
8 repe :  35
----------------
9 only :  35
9 repe :  35
----------------
10 only :  35
10 repe :  35
----------------
Num 158 loop.  
0 only :  36
0 repe :  37
----------------
1 only :  36
1 repe :  37
----------------
2 only :  36
2 repe :  36
----------------
3 only :  35
3 repe :  35
----------------
4 only :  35
4 repe :  35
----------------
5 only :  35
5 repe :  35
----------------
6 only :  35
6 repe :  35
----------------
7 only :  35
7 repe :  35
----------------
8 only :  35
8 repe :  35
----------------
9 only :  35
9 repe :  35
----------------
Num 159 loop.  
0 only :  36
0 repe :  38
----------------
1 only :  36
1 repe :  37
----------------
2 only :  36
2 repe :  37
----------------
3 only :  36
3 repe :  37
----------------
4 only :  35
4 repe :  35
----------------
5 only :  36
5 repe :  36
----------------
6 only :  35
6 repe :  35
----------------
Num 160 loop.  
0 only :  36
0 repe :  38
----------------
1 only :  36
1 repe :  37
----------------
2 only :  36
2 repe :  37
----------------
3 only :  36
3 repe :  37
----------------
4 only :  35
4 repe :  35
----------------
5 only :  36
5 repe :  36
----------------
6 only :  35
6 repe :  35
----------------
7 only :  35
7 repe :  35
----------------
8 only :  35
8 repe :  35
----------------
Num 161 loop.  
0 only :  36
0 repe :  38
----------------
1 only :  36
1 repe :  37
----------------
2 only :  36
2 repe :  37
----------------
3 only :  36
3 repe :  37
----------------
4 only :  35
4 repe :  35
----------------
5 only :  36
5 repe :  36
----------------
6 only :  35
6 repe :  35
----------------
7 only :  35
7 repe :  35
----------------
8 only :  35
8 repe :  35
----------------
Num 162 loop.  
0 only :  36
0 repe :  38
----------------
1 only :  36
1 repe :  37
----------------
2 only :  36
2 repe :  37
----------------
3 only :  36
3 repe :  37
----------------
4 only :  35
4 repe :  35
----------------
5 only :  36
5 repe :  36
----------------
6 only :  35
6 repe :  35
----------------
7 only :  35
7 repe :  35
----------------
8 only :  35
8 repe :  35
----------------
Num 163 loop.  
0 only :  36
0 repe :  37
----------------
1 only :  36
1 repe :  36
----------------
2 only :  36
2 repe :  37
----------------
3 only :  35
3 repe :  35
----------------
4 only :  35
4 repe :  35
----------------
5 only :  35
5 repe :  35
----------------
6 only :  35
6 repe :  35
----------------
Num 164 loop.  
0 only :  36
0 repe :  37
----------------
1 only :  36
1 repe :  37
----------------
2 only :  35
2 repe :  35
----------------
3 only :  35
3 repe :  35
----------------
4 only :  35
4 repe :  35
----------------
5 only :  35
5 repe :  35
----------------
Num 165 loop.  
0 only :  36
0 repe :  37
----------------
1 only :  36
1 repe :  37
----------------
2 only :  35
2 repe :  35
----------------
3 only :  35
3 repe :  35
----------------
4 only :  35
4 repe :  35
----------------
5 only :  35
5 repe :  35
----------------
6 only :  35
6 repe :  35
----------------
7 only :  35
7 repe :  35
----------------
Num 166 loop.  
0 only :  40
0 repe :  43
----------------
1 only :  36
1 repe :  37
----------------
2 only :  35
2 repe :  35
----------------
3 only :  35
3 repe :  35
----------------
4 only :  35
4 repe :  35
----------------
5 only :  35
5 repe :  35
----------------
6 only :  35
6 repe :  35
----------------
7 only :  35
7 repe :  35
----------------
8 only :  35
8 repe :  35
----------------
Num 167 loop.  
0 only :  40
0 repe :  43
----------------
1 only :  35
1 repe :  35
----------------
2 only :  36
2 repe :  36
----------------
3 only :  35
3 repe :  35
----------------
4 only :  35
4 repe :  35
----------------
5 only :  35
5 repe :  35
----------------
6 only :  35
6 repe :  35
----------------
7 only :  35
7 repe :  35
----------------
8 only :  35
8 repe :  35
----------------
Num 168 loop.  
0 only :  40
0 repe :  43
----------------
1 only :  35
1 repe :  35
----------------
2 only :  36
2 repe :  36
----------------
3 only :  35
3 repe :  35
----------------
4 only :  35
4 repe :  35
----------------
5 only :  35
5 repe :  35
----------------
6 only :  35
6 repe :  35
----------------
7 only :  35
7 repe :  35
----------------
8 only :  35
8 repe :  35
----------------
9 only :  35
9 repe :  35
----------------
Num 169 loop.  
0 only :  40
0 repe :  43
----------------
1 only :  35
1 repe :  35
----------------
2 only :  36
2 repe :  36
----------------
3 only :  35
3 repe :  35
----------------
4 only :  35
4 repe :  35
----------------
5 only :  35
5 repe :  35
----------------
6 only :  35
6 repe :  35
----------------
7 only :  35
7 repe :  35
----------------
8 only :  35
8 repe :  35
----------------
9 only :  35
9 repe :  35
----------------
Num 170 loop.  
0 only :  36
0 repe :  37
----------------
1 only :  35
1 repe :  35
----------------
2 only :  35
2 repe :  35
----------------
3 only :  35
3 repe :  35
----------------
4 only :  35
4 repe :  35
----------------
Num 171 loop.  
0 only :  36
0 repe :  37
----------------
1 only :  35
1 repe :  35
----------------
2 only :  35
2 repe :  35
----------------
3 only :  35
3 repe :  35
----------------
4 only :  35
4 repe :  35
----------------
5 only :  35
5 repe :  35
----------------
6 only :  35
6 repe :  35
----------------
Num 172 loop.  
0 only :  36
0 repe :  37
----------------
1 only :  35
1 repe :  35
----------------
2 only :  35
2 repe :  35
----------------
3 only :  35
3 repe :  35
----------------
4 only :  35
4 repe :  35
----------------
5 only :  35
5 repe :  35
----------------
Num 173 loop.  
0 only :  36
0 repe :  37
----------------
1 only :  35
1 repe :  35
----------------
2 only :  35
2 repe :  35
----------------
3 only :  35
3 repe :  35
----------------
4 only :  35
4 repe :  35
----------------
5 only :  35
5 repe :  35
----------------
6 only :  35
6 repe :  35
----------------
Num 174 loop.  
0 only :  36
0 repe :  36
----------------
1 only :  35
1 repe :  35
----------------
2 only :  35
2 repe :  35
----------------
Num 175 loop.  
0 only :  35
0 repe :  35
----------------
1 only :  36
1 repe :  36
----------------
2 only :  35
2 repe :  35
----------------
3 only :  35
3 repe :  35
----------------
4 only :  35
4 repe :  35
----------------
Num 176 loop.  
0 only :  35
0 repe :  35
----------------
1 only :  36
1 repe :  36
----------------
2 only :  35
2 repe :  35
----------------
3 only :  35
3 repe :  35
----------------
4 only :  35
4 repe :  35
----------------
5 only :  35
5 repe :  35
----------------
Num 177 loop.  
0 only :  35
0 repe :  35
----------------
1 only :  36
1 repe :  36
----------------
2 only :  35
2 repe :  35
----------------
3 only :  35
3 repe :  35
----------------
4 only :  35
4 repe :  35
----------------
5 only :  35
5 repe :  35
----------------
Num 178 loop.  
0 only :  35
0 repe :  35
----------------
1 only :  36
1 repe :  36
----------------
2 only :  35
2 repe :  35
----------------
Num 179 loop.  
0 only :  35
0 repe :  36
----------------
1 only :  36
1 repe :  36
----------------
2 only :  35
2 repe :  35
----------------
3 only :  35
3 repe :  35
----------------
Num 180 loop.  
0 only :  35
0 repe :  36
----------------
1 only :  36
1 repe :  36
----------------
2 only :  35
2 repe :  35
----------------
3 only :  35
3 repe :  36
----------------
Num 181 loop.  
0 only :  35
0 repe :  36
----------------
1 only :  36
1 repe :  36
----------------
2 only :  35
2 repe :  35
----------------
3 only :  35
3 repe :  36
----------------
4 only :  35
4 repe :  35
----------------
Num 182 loop.  
0 only :  36
0 repe :  36
----------------
1 only :  35
1 repe :  36
----------------
2 only :  36
2 repe :  36
----------------
3 only :  35
3 repe :  35
----------------
4 only :  35
4 repe :  36
----------------
5 only :  35
5 repe :  35
----------------
Num 183 loop.  
0 only :  35
0 repe :  36
----------------
1 only :  36
1 repe :  36
----------------
2 only :  35
2 repe :  36
----------------
3 only :  36
3 repe :  36
----------------
4 only :  35
4 repe :  35
----------------
5 only :  35
5 repe :  35
----------------
6 only :  35
6 repe :  35
----------------
Num 184 loop.  
0 only :  35
0 repe :  36
----------------
1 only :  36
1 repe :  36
----------------
2 only :  35
2 repe :  36
----------------
3 only :  35
3 repe :  35
----------------
4 only :  35
4 repe :  35
----------------
5 only :  35
5 repe :  35
----------------
Num 185 loop.  
0 only :  35
0 repe :  36
----------------
1 only :  36
1 repe :  36
----------------
2 only :  35
2 repe :  36
----------------
3 only :  35
3 repe :  35
----------------
4 only :  35
4 repe :  35
----------------
5 only :  35
5 repe :  35
----------------
6 only :  35
6 repe :  35
----------------
Num 186 loop.  
0 only :  35
0 repe :  36
----------------
1 only :  35
1 repe :  35
----------------
2 only :  36
2 repe :  36
----------------
3 only :  35
3 repe :  36
----------------
4 only :  35
4 repe :  35
----------------
5 only :  35
5 repe :  35
----------------
6 only :  35
6 repe :  35
----------------
7 only :  35
7 repe :  35
----------------
Num 187 loop.  
0 only :  36
0 repe :  37
----------------
1 only :  35
1 repe :  36
----------------
2 only :  35
2 repe :  35
----------------
3 only :  35
3 repe :  36
----------------
4 only :  35
4 repe :  35
----------------
5 only :  35
5 repe :  35
----------------
Num 188 loop.  
0 only :  36
0 repe :  36
----------------
1 only :  36
1 repe :  37
----------------
2 only :  35
2 repe :  35
----------------
3 only :  35
3 repe :  35
----------------
4 only :  35
4 repe :  35
----------------
5 only :  35
5 repe :  35
----------------
6 only :  35
6 repe :  35
----------------
Num 189 loop.  
0 only :  36
0 repe :  36
----------------
1 only :  35
1 repe :  36
----------------
2 only :  36
2 repe :  37
----------------
3 only :  35
3 repe :  35
----------------
4 only :  35
4 repe :  35
----------------
5 only :  35
5 repe :  35
----------------
6 only :  35
6 repe :  35
----------------
7 only :  35
7 repe :  35
----------------
Num 190 loop.  
0 only :  36
0 repe :  36
----------------
1 only :  35
1 repe :  36
----------------
2 only :  36
2 repe :  37
----------------
3 only :  36
3 repe :  36
----------------
4 only :  35
4 repe :  35
----------------
5 only :  35
5 repe :  35
----------------
6 only :  35
6 repe :  35
----------------
7 only :  35
7 repe :  35
----------------
8 only :  35
8 repe :  35
----------------
9 only :  35
9 repe :  35
----------------
Num 191 loop.  
0 only :  35
0 repe :  35
----------------
1 only :  35
1 repe :  35
----------------
2 only :  35
2 repe :  35
----------------
3 only :  35
3 repe :  35
----------------
4 only :  35
4 repe :  35
----------------
5 only :  35
5 repe :  35
----------------
Num 192 loop.  
0 only :  35
0 repe :  35
----------------
1 only :  35
1 repe :  35
----------------
2 only :  35
2 repe :  35
----------------
3 only :  35
3 repe :  35
----------------
4 only :  35
4 repe :  35
----------------
Num 193 loop.  
0 only :  35
0 repe :  35
----------------
1 only :  35
1 repe :  35
----------------
2 only :  35
2 repe :  35
----------------
3 only :  35
3 repe :  35
----------------
4 only :  35
4 repe :  35
----------------
5 only :  35
5 repe :  35
----------------
Num 194 loop.  
0 only :  36
0 repe :  36
----------------
1 only :  35
1 repe :  35
----------------
2 only :  35
2 repe :  35
----------------
3 only :  35
3 repe :  35
----------------
4 only :  35
4 repe :  35
----------------
5 only :  35
5 repe :  35
----------------
6 only :  35
6 repe :  35
----------------
Num 195 loop.  
0 only :  36
0 repe :  36
----------------
1 only :  35
1 repe :  35
----------------
2 only :  35
2 repe :  35
----------------
3 only :  35
3 repe :  35
----------------
4 only :  35
4 repe :  35
----------------
5 only :  35
5 repe :  35
----------------
6 only :  35
6 repe :  35
----------------
7 only :  35
7 repe :  35
----------------
Num 196 loop.  
0 only :  36
0 repe :  36
----------------
1 only :  35
1 repe :  35
----------------
2 only :  35
2 repe :  35
----------------
3 only :  36
3 repe :  36
----------------
4 only :  35
4 repe :  35
----------------
5 only :  35
5 repe :  35
----------------
6 only :  35
6 repe :  35
----------------
7 only :  35
7 repe :  35
----------------
8 only :  35
8 repe :  35
----------------
Num 197 loop.  
0 only :  36
0 repe :  36
----------------
1 only :  35
1 repe :  35
----------------
2 only :  35
2 repe :  35
----------------
3 only :  36
3 repe :  36
----------------
4 only :  35
4 repe :  35
----------------
5 only :  35
5 repe :  35
----------------
6 only :  35
6 repe :  35
----------------
7 only :  35
7 repe :  35
----------------
8 only :  35
8 repe :  35
----------------
Num 198 loop.  
0 only :  36
0 repe :  36
----------------
1 only :  35
1 repe :  35
----------------
2 only :  35
2 repe :  35
----------------
3 only :  36
3 repe :  36
----------------
4 only :  35
4 repe :  35
----------------
5 only :  35
5 repe :  35
----------------
6 only :  35
6 repe :  35
----------------
7 only :  35
7 repe :  35
----------------
8 only :  35
8 repe :  35
----------------
Num 199 loop.  
0 only :  36
0 repe :  36
----------------
1 only :  35
1 repe :  35
----------------
2 only :  35
2 repe :  35
----------------
3 only :  35
3 repe :  35
----------------
4 only :  36
4 repe :  36
----------------
5 only :  35
5 repe :  35
----------------
6 only :  35
6 repe :  35
----------------
7 only :  35
7 repe :  35
----------------
8 only :  35
8 repe :  35
----------------
9 only :  35
9 repe :  35
----------------
10 only :  35
10 repe :  35
----------------
11 only :  35
11 repe :  35
----------------
12 only :  35
12 repe :  35
----------------
