1003
551
1236
209
48
1038
886
995
133
1314
717
69
1635
1233
1112
552
1032
735
398
1214
324
395
58
295
1245
24
1341
1474
418
394
943
740
263
1525
1443
1140
1243
162
1144
1045
184
1225
272
890
1448
1466
600
879
478
480
883
936
679
662
1242
225
557
789
321
342
366
1280
173
95
636
190
78
149
808
1580
16
13
129
1137
275
1050
427
1108
1492
887
409
63
389
359
1634
182
1530
51
491
593
1389
1463
922
226
901
211
1650
156
140
1296
1483
253
283
1187
1454
429
236
239
1409
857
816
82
1061
106
715
1044
188
687
317
1256
1003
551
1236
209
48
1038
886
995
133
1314
717
69
1635
1233
1112
552
1032
735
398
1214
324
395
58
295
1245
24
1341
1474
418
394
943
740
263
1525
1443
1140
1243
162
1144
1045
184
1225
272
890
1448
1466
600
879
478
480
883
936
715
679
662
1242
225
557
789
321
342
366
1280
173
95
636
190
78
149
808
1580
16
13
129
1137
1050
427
1108
1492
887
409
63
389
359
1634
182
1530
51
491
593
1389
1463
922
226
429
188
901
253
283
1187
211
1650
1483
236
156
140
1296
239
1409
857
816
82
1061
687
317
1256
1044
106
1454
1003
551
1236
209
48
1038
886
995
133
1314
717
69
1635
1233
1112
552
1032
735
398
1214
324
395
58
295
1245
24
1341
1474
418
394
943
740
263
1525
1443
1140
1243
162
1144
1045
184
1225
272
890
1448
1466
600
879
478
480
883
936
106
715
679
662
1242
225
557
789
321
342
366
1280
173
95
636
190
78
149
808
1580
16
13
129
1137
275
1050
427
1108
1492
887
409
63
389
359
1634
182
1530
51
491
593
1463
922
226
429
188
901
253
283
1187
211
1650
1483
236
156
140
1296
239
1409
857
816
82
1061
687
317
1256
1044
944
1003
551
1236
209
48
1038
886
995
133
1314
717
69
1635
1233
1112
552
1032
735
398
1214
324
395
58
295
1245
24
1341
1474
418
394
943
740
263
1525
1144
1140
1243
162
106
1045
184
1225
272
890
1448
1466
600
879
478
480
883
936
1443
715
679
662
1242
225
557
789
321
342
366
1280
173
95
636
190
78
149
808
1580
16
13
129
1137
275
1050
427
1108
1492
887
409
63
389
359
1634
182
1530
51
491
593
1463
922
226
429
188
901
253
283
1187
211
1650
1483
236
156
140
1296
239
1409
857
816
82
1061
317
1256
1044
687
1454
1003
551
1236
209
48
1038
886
995
133
1314
717
69
1635
1233
1112
552
1032
735
398
1214
324
395
58
295
1245
24
1341
1474
418
394
943
740
263
1525
1443
1140
1243
162
1144
1045
184
1225
272
890
1448
1466
600
879
478
480
883
936
106
715
679
662
1242
225
557
789
321
342
366
1280
173
95
636
190
211
129
409
78
149
808
1580
16
13
1650
359
1634
182
1530
901
63
1050
1454
1108
140
1296
427
1137
1492
887
389
51
491
593
1389
1463
922
226
429
188
253
283
1187
1483
236
156
239
1409
857
816
82
1061
687
317
1256
1044
1003
551
1236
209
48
1038
886
995
133
1314
717
69
1635
1233
1112
552
1032
735
398
1214
324
395
58
295
1245
24
1341
1474
418
394
943
740
263
1525
1144
1140
1243
162
106
1045
184
1225
272
890
1448
1466
600
879
478
480
883
936
1443
715
679
662
1242
225
557
789
321
342
366
1280
173
95
636
190
78
149
808
1580
16
13
129
275
1050
427
409
63
389
359
1634
182
1530
901
211
1650
51
1492
491
1108
593
887
1389
1137
1463
1044
156
922
226
429
188
1483
236
1454
253
283
1187
239
1409
857
82
1061
317
687
140
1256
1296
1003
551
1236
209
48
1038
886
995
133
1314
717
69
1635
1233
1112
552
1032
735
398
1214
324
395
58
295
1245
24
1341
1474
418
394
943
740
263
1525
1443
1140
1243
162
1144
1045
184
1225
272
890
1448
1466
600
879
478
480
883
936
106
715
679
662
1242
225
557
789
321
342
366
1280
173
95
636
190
78
149
808
1580
16
13
129
1137
275
1050
427
1108
1492
887
409
63
389
359
1634
182
1530
51
491
593
1389
1463
922
226
188
901
211
1650
156
140
1296
1483
253
283
1187
1454
687
1044
429
236
239
857
82
1061
1409
317
1256
1003
551
1236
209
48
1038
886
995
133
1314
717
69
1635
1233
1112
552
1032
735
398
1214
324
395
58
295
1245
24
1341
1474
418
394
943
740
263
1525
1144
1140
1243
162
106
1045
184
1225
272
890
1448
1466
600
879
478
480
883
936
715
679
662
1242
225
557
789
321
342
366
1280
173
95
636
190
78
149
808
1580
16
13
129
275
1050
427
409
63
389
359
1634
182
1530
901
211
1650
1443
51
1492
491
1108
593
887
1389
1137
1463
1044
156
922
226
429
188
1483
236
1454
253
283
1187
239
1409
857
82
1061
317
687
140
1256
1296
1003
551
1236
209
48
1038
886
995
133
1314
717
69
1635
1233
1112
552
1032
735
398
1214
324
395
58
295
1245
24
1341
1474
418
394
943
740
263
1525
1443
1140
1045
162
879
600
106
1466
1448
184
1225
890
272
1243
478
480
883
936
679
662
1242
225
557
789
321
715
342
366
1280
173
95
636
190
78
149
808
1580
129
409
901
211
1650
1144
16
13
359
1634
182
1530
63
427
1050
389
51
1492
491
1108
593
887
1389
1137
1463
1044
156
922
226
429
188
1483
236
1454
253
283
1187
239
1409
857
82
1061
317
687
140
1256
1296
1003
551
1236
209
48
1038
886
995
133
1314
717
69
1635
1233
1112
552
1032
735
398
1214
324
395
58
295
1341
1245
1474
418
1140
740
943
24
1045
263
162
106
184
1225
394
1443
1525
1243
272
890
1448
1466
600
879
478
480
883
936
1144
715
679
662
1242
225
557
789
321
342
366
1280
173
95
636
190
78
149
808
1580
16
13
129
1137
1050
427
1108
1492
887
409
63
389
359
1634
182
1530
51
491
593
1389
1463
922
226
429
188
901
253
283
1187
211
1650
1483
236
156
140
1296
239
1409
857
82
1061
687
317
1256
1044
1454
1003
551
1236
209
48
1038
886
995
133
1314
717
69
1635
1233
1112
552
1032
735
398
1214
324
395
58
295
1245
24
1341
1474
418
394
943
740
263
1525
1443
1140
1243
162
106
1045
184
1225
272
890
1448
600
879
478
480
883
679
662
1242
225
321
366
1280
173
789
557
1466
936
715
95
636
190
78
149
808
1580
16
13
129
1050
427
409
63
359
1634
182
1530
901
211
1650
342
1144
389
51
1492
491
1108
593
887
1389
1137
1463
1044
156
922
226
429
188
1483
236
1454
253
283
1187
239
1409
857
82
1061
317
687
140
1256
1296
1003
551
1236
209
48
1038
886
995
133
1314
717
69
1635
1233
1112
552
1032
735
398
1214
24
324
395
58
295
1341
1245
1474
418
1140
740
943
1045
263
162
879
600
106
1448
184
1225
890
272
394
1443
1525
1243
478
321
883
480
662
1242
366
1280
173
679
225
789
557
1466
936
715
95
636
190
78
149
808
1580
16
13
129
1050
427
409
63
359
1634
182
1530
901
211
1650
342
1144
389
51
1492
491
1108
593
887
1389
1137
1463
1044
156
922
226
429
188
1483
236
1454
253
283
1187
239
1409
857
82
1061
317
687
140
1256
1296
1003
551
1236
209
48
1038
886
995
133
1314
717
69
1233
1112
552
1032
735
398
1214
324
395
58
295
211
1341
1245
1474
418
1140
740
943
24
1045
263
162
879
600
106
1466
1448
184
1225
890
272
394
1443
1525
1243
478
480
883
901
936
1144
715
321
1650
342
662
1242
366
1280
173
679
129
95
636
190
409
78
149
808
1580
16
13
359
1634
182
1530
225
557
63
789
275
427
1050
389
51
1492
491
1108
593
887
1389
1137
1463
1044
156
922
226
429
188
1483
236
1454
253
283
1187
239
1409
857
82
1061
317
687
140
1256
1296
1003
551
1236
209
48
1038
886
995
133
1314
717
69
1635
1233
1112
552
1032
735
398
1214
324
395
58
295
1245
24
1341
1474
418
394
943
740
263
1525
1443
1140
1243
162
1045
184
1225
272
890
1448
1466
600
879
478
480
883
936
225
95
636
190
593
239
1409
857
82
1061
